C:\USERS\ANDRE\DOCUMENTS\VISUAL STUDIO 2012\PROJECTS\OPENGL\DEBUG\MAIN.OBJ
C:\USERS\ANDRE\DOCUMENTS\VISUAL STUDIO 2012\PROJECTS\OPENGL\DEBUG\READPNG.OBJ
C:\USERS\ANDRE\DOCUMENTS\VISUAL STUDIO 2012\PROJECTS\OPENGL\DEBUG\SHADERFUNCTIONS.OBJ
C:\USERS\ANDRE\DOCUMENTS\VISUAL STUDIO 2012\PROJECTS\OPENGL\DEBUG\TEXTFILE.OBJ
C:\USERS\ANDRE\DOCUMENTS\VISUAL STUDIO 2012\PROJECTS\OPENGL\DEBUG\VC110.PDB
C:\USERS\ANDRE\DOCUMENTS\VISUAL STUDIO 2012\PROJECTS\OPENGL\DEBUG\OPENGL.ILK
C:\USERS\ANDRE\DOCUMENTS\VISUAL STUDIO 2012\PROJECTS\OPENGL\DEBUG\OPENGL.EXE
C:\USERS\ANDRE\DOCUMENTS\VISUAL STUDIO 2012\PROJECTS\OPENGL\DEBUG\OPENGL.PDB
C:\Users\andre\Documents\Visual Studio 2012\Projects\Opengl\Debug\main.obj
C:\Users\andre\Documents\Visual Studio 2012\Projects\Opengl\Debug\readPNG.obj
C:\Users\andre\Documents\Visual Studio 2012\Projects\Opengl\Debug\shaderFunctions.obj
C:\Users\andre\Documents\Visual Studio 2012\Projects\Opengl\Debug\textfile.obj
C:\Users\andre\Documents\Visual Studio 2012\Projects\Opengl\Debug\Opengl.ilk
C:\Users\andre\Documents\Visual Studio 2012\Projects\Opengl\Debug\cl.command.1.tlog
C:\Users\andre\Documents\Visual Studio 2012\Projects\Opengl\Debug\CL.read.1.tlog
C:\Users\andre\Documents\Visual Studio 2012\Projects\Opengl\Debug\CL.write.1.tlog
C:\Users\andre\Documents\Visual Studio 2012\Projects\Opengl\Debug\link-cvtres.read.1.tlog
C:\Users\andre\Documents\Visual Studio 2012\Projects\Opengl\Debug\link-cvtres.write.1.tlog
C:\Users\andre\Documents\Visual Studio 2012\Projects\Opengl\Debug\link-rc.read.1.tlog
C:\Users\andre\Documents\Visual Studio 2012\Projects\Opengl\Debug\link-rc.write.1.tlog
C:\Users\andre\Documents\Visual Studio 2012\Projects\Opengl\Debug\link.command.1.tlog
C:\Users\andre\Documents\Visual Studio 2012\Projects\Opengl\Debug\link.read.1.tlog
C:\Users\andre\Documents\Visual Studio 2012\Projects\Opengl\Debug\link.write.1.tlog
C:\Users\andre\Documents\Visual Studio 2012\Projects\Opengl\Debug\vc110.idb
C:\Users\andre\Documents\Visual Studio 2012\Projects\Opengl\Debug\Opengl.pdb
C:\Users\andre\Documents\Visual Studio 2012\Projects\Opengl\Debug\vc110.pdb
C:\Users\andre\Documents\Visual Studio 2012\Projects\Opengl\Debug\Opengl.exe
