C:\USERS\ANDRE\DOCUMENTS\VISUAL STUDIO 2012\PROJECTS\OPENGL\RELEASE\TEXTFILE.OBJ
C:\USERS\ANDRE\DOCUMENTS\VISUAL STUDIO 2012\PROJECTS\OPENGL\RELEASE\SHADERFUNCTIONS.OBJ
C:\USERS\ANDRE\DOCUMENTS\VISUAL STUDIO 2012\PROJECTS\OPENGL\RELEASE\READPNG.OBJ
C:\USERS\ANDRE\DOCUMENTS\VISUAL STUDIO 2012\PROJECTS\OPENGL\RELEASE\MAIN.OBJ
C:\USERS\ANDRE\DOCUMENTS\VISUAL STUDIO 2012\PROJECTS\OPENGL\RELEASE\VC110.PDB
C:\USERS\ANDRE\DOCUMENTS\VISUAL STUDIO 2012\PROJECTS\OPENGL\RELEASE\OPENGL.EXE
C:\USERS\ANDRE\DOCUMENTS\VISUAL STUDIO 2012\PROJECTS\OPENGL\RELEASE\OPENGL.PDB
C:\Users\andre\documents\visual studio 2012\Projects\Opengl\Release\main.obj
C:\Users\andre\documents\visual studio 2012\Projects\Opengl\Release\readPNG.obj
C:\Users\andre\documents\visual studio 2012\Projects\Opengl\Release\shaderFunctions.obj
C:\Users\andre\documents\visual studio 2012\Projects\Opengl\Release\textfile.obj
C:\Users\andre\documents\visual studio 2012\Projects\Opengl\Release\cl.command.1.tlog
C:\Users\andre\documents\visual studio 2012\Projects\Opengl\Release\CL.read.1.tlog
C:\Users\andre\documents\visual studio 2012\Projects\Opengl\Release\CL.write.1.tlog
C:\Users\andre\documents\visual studio 2012\Projects\Opengl\Release\link-cvtres.read.1.tlog
C:\Users\andre\documents\visual studio 2012\Projects\Opengl\Release\link-cvtres.write.1.tlog
C:\Users\andre\documents\visual studio 2012\Projects\Opengl\Release\link-rc.read.1.tlog
C:\Users\andre\documents\visual studio 2012\Projects\Opengl\Release\link-rc.write.1.tlog
C:\Users\andre\documents\visual studio 2012\Projects\Opengl\Release\link.command.1.tlog
C:\Users\andre\documents\visual studio 2012\Projects\Opengl\Release\link.read.1.tlog
C:\Users\andre\documents\visual studio 2012\Projects\Opengl\Release\link.write.1.tlog
C:\Users\andre\documents\visual studio 2012\Projects\Opengl\Release\Opengl.pdb
C:\Users\andre\documents\visual studio 2012\Projects\Opengl\Release\vc110.pdb
C:\Users\andre\documents\visual studio 2012\Projects\Opengl\Release\Opengl.exe
